<?xml version="1.0" encoding="UTF-8"?>
<testsuite xmlns:xsi="http://www.w3.org/2001/XMLSchema-instance" xsi:noNamespaceSchemaLocation="https://maven.apache.org/surefire/maven-surefire-plugin/xsd/surefire-test-report.xsd" name="za.co.tangentsolutions.controller.EmployeeControllerTest" time="7.665" tests="2" errors="0" skipped="1" failures="1">
  <properties>
[...]
</properties>
  <testcase name="whenGetEmployees_thenOK" classname="za.co.tangentsolutions.controller.EmployeeControllerTest" time="1.076">
    <failure message="expected:&lt;200&gt; but was:&lt;401&gt;" type="java.lang.AssertionError"><![CDATA[java.lang.AssertionError: expected:<200> but was:<401>
	at za.co.tangentsolutions.controller.EmployeeControllerTest.whenGetEmployees_thenOK(EmployeeControllerTest.java:31)
]]></failure>
    <system-out><![CDATA[22:53:40.763 [main] DEBUG org.springframework.test.context.junit4.SpringJUnit4ClassRunner - SpringJUnit4ClassRunner constructor called with [class za.co.tangentsolutions.controller.EmployeeControllerTest]
22:53:40.768 [main] DEBUG org.springframework.test.context.BootstrapUtils - Instantiating CacheAwareContextLoaderDelegate from class [org.springframework.test.context.cache.DefaultCacheAwareContextLoaderDelegate]
22:53:40.777 [main] DEBUG org.springframework.test.context.BootstrapUtils - Instantiating BootstrapContext using constructor [public org.springframework.test.context.support.DefaultBootstrapContext(java.lang.Class,org.springframework.test.context.CacheAwareContextLoaderDelegate)]
22:53:40.807 [main] DEBUG org.springframework.test.context.BootstrapUtils - Instantiating TestContextBootstrapper for test class [za.co.tangentsolutions.controller.EmployeeControllerTest] from class [org.springframework.boot.test.context.SpringBootTestContextBootstrapper]
22:53:40.830 [main] INFO org.springframework.boot.test.context.SpringBootTestContextBootstrapper - Neither @ContextConfiguration nor @ContextHierarchy found for test class [za.co.tangentsolutions.controller.EmployeeControllerTest], using SpringBootContextLoader
22:53:40.833 [main] DEBUG org.springframework.test.context.support.AbstractContextLoader - Did not detect default resource location for test class [za.co.tangentsolutions.controller.EmployeeControllerTest]: class path resource [za/co/tangentsolutions/controller/EmployeeControllerTest-context.xml] does not exist
22:53:40.836 [main] DEBUG org.springframework.test.context.support.AbstractContextLoader - Did not detect default resource location for test class [za.co.tangentsolutions.controller.EmployeeControllerTest]: class path resource [za/co/tangentsolutions/controller/EmployeeControllerTestContext.groovy] does not exist
22:53:40.838 [main] INFO org.springframework.test.context.support.AbstractContextLoader - Could not detect default resource locations for test class [za.co.tangentsolutions.controller.EmployeeControllerTest]: no resource found for suffixes {-context.xml, Context.groovy}.
22:53:40.879 [main] DEBUG org.springframework.test.context.support.ActiveProfilesUtils - Could not find an 'annotation declaring class' for annotation type [org.springframework.test.context.ActiveProfiles] and class [za.co.tangentsolutions.controller.EmployeeControllerTest]
22:53:40.977 [main] DEBUG org.springframework.boot.test.context.SpringBootTestContextBootstrapper - @TestExecutionListeners is not present for class [za.co.tangentsolutions.controller.EmployeeControllerTest]: using defaults.
22:53:40.978 [main] INFO org.springframework.boot.test.context.SpringBootTestContextBootstrapper - Loaded default TestExecutionListener class names from location [META-INF/spring.factories]: [org.springframework.boot.test.mock.mockito.MockitoTestExecutionListener, org.springframework.boot.test.mock.mockito.ResetMocksTestExecutionListener, org.springframework.boot.test.autoconfigure.restdocs.RestDocsTestExecutionListener, org.springframework.boot.test.autoconfigure.web.client.MockRestServiceServerResetTestExecutionListener, org.springframework.boot.test.autoconfigure.web.servlet.MockMvcPrintOnlyOnFailureTestExecutionListener, org.springframework.boot.test.autoconfigure.web.servlet.WebDriverTestExecutionListener, org.springframework.test.context.web.ServletTestExecutionListener, org.springframework.test.context.support.DirtiesContextBeforeModesTestExecutionListener, org.springframework.test.context.support.DependencyInjectionTestExecutionListener, org.springframework.test.context.support.DirtiesContextTestExecutionListener, org.springframework.test.context.transaction.TransactionalTestExecutionListener, org.springframework.test.context.jdbc.SqlScriptsTestExecutionListener]
22:53:41.001 [main] INFO org.springframework.boot.test.context.SpringBootTestContextBootstrapper - Using TestExecutionListeners: [org.springframework.test.context.web.ServletTestExecutionListener@37afeb11, org.springframework.test.context.support.DirtiesContextBeforeModesTestExecutionListener@515aebb0, org.springframework.boot.test.mock.mockito.MockitoTestExecutionListener@dd8ba08, org.springframework.boot.test.autoconfigure.SpringBootDependencyInjectionTestExecutionListener@245b4bdc, org.springframework.test.context.support.DirtiesContextTestExecutionListener@6c64cb25, org.springframework.test.context.transaction.TransactionalTestExecutionListener@6ae5aa72, org.springframework.test.context.jdbc.SqlScriptsTestExecutionListener@222545dc, org.springframework.boot.test.mock.mockito.ResetMocksTestExecutionListener@5c5eefef, org.springframework.boot.test.autoconfigure.restdocs.RestDocsTestExecutionListener@16293aa2, org.springframework.boot.test.autoconfigure.web.client.MockRestServiceServerResetTestExecutionListener@5158b42f, org.springframework.boot.test.autoconfigure.web.servlet.MockMvcPrintOnlyOnFailureTestExecutionListener@595b007d, org.springframework.boot.test.autoconfigure.web.servlet.WebDriverTestExecutionListener@72d1ad2e]
22:53:41.002 [main] DEBUG org.springframework.test.annotation.ProfileValueUtils - Retrieved @ProfileValueSourceConfiguration [null] for test class [za.co.tangentsolutions.controller.EmployeeControllerTest]
22:53:41.003 [main] DEBUG org.springframework.test.annotation.ProfileValueUtils - Retrieved ProfileValueSource type [class org.springframework.test.annotation.SystemProfileValueSource] for class [za.co.tangentsolutions.controller.EmployeeControllerTest]
22:53:41.005 [main] DEBUG org.springframework.test.annotation.ProfileValueUtils - Retrieved @ProfileValueSourceConfiguration [null] for test class [za.co.tangentsolutions.controller.EmployeeControllerTest]
22:53:41.006 [main] DEBUG org.springframework.test.annotation.ProfileValueUtils - Retrieved ProfileValueSource type [class org.springframework.test.annotation.SystemProfileValueSource] for class [za.co.tangentsolutions.controller.EmployeeControllerTest]
22:53:41.006 [main] DEBUG org.springframework.test.annotation.ProfileValueUtils - Retrieved @ProfileValueSourceConfiguration [null] for test class [za.co.tangentsolutions.controller.EmployeeControllerTest]
22:53:41.007 [main] DEBUG org.springframework.test.annotation.ProfileValueUtils - Retrieved ProfileValueSource type [class org.springframework.test.annotation.SystemProfileValueSource] for class [za.co.tangentsolutions.controller.EmployeeControllerTest]
22:53:41.011 [main] DEBUG org.springframework.test.context.support.AbstractDirtiesContextTestExecutionListener - Before test class: context [DefaultTestContext@6069db50 testClass = EmployeeControllerTest, testInstance = [null], testMethod = [null], testException = [null], mergedContextConfiguration = [WebMergedContextConfiguration@4efbca5a testClass = EmployeeControllerTest, locations = '{}', classes = '{class za.co.tangentsolutions.Application, class za.co.tangentsolutions.Application}', contextInitializerClasses = '[]', activeProfiles = '{}', propertySourceLocations = '{}', propertySourceProperties = '{org.springframework.boot.test.context.SpringBootTestContextBootstrapper=true}', contextCustomizers = set[org.springframework.boot.test.context.filter.ExcludeFilterContextCustomizer@77846d2c, org.springframework.boot.test.json.DuplicateJsonObjectContextCustomizerFactory$DuplicateJsonObjectContextCustomizer@2641e737, org.springframework.boot.test.mock.mockito.MockitoContextCustomizer@0, org.springframework.boot.test.web.client.TestRestTemplateContextCustomizer@1f021e6c, org.springframework.boot.test.autoconfigure.properties.PropertyMappingContextCustomizer@0, org.springframework.boot.test.autoconfigure.web.servlet.WebDriverContextCustomizerFactory$Customizer@73d4cc9e], resourceBasePath = 'src/main/webapp', contextLoader = 'org.springframework.boot.test.context.SpringBootContextLoader', parent = [null]], attributes = map['org.springframework.test.context.web.ServletTestExecutionListener.activateListener' -> false]], class annotated with @DirtiesContext [false] with mode [null].
22:53:41.012 [main] DEBUG org.springframework.test.annotation.ProfileValueUtils - Retrieved @ProfileValueSourceConfiguration [null] for test class [za.co.tangentsolutions.controller.EmployeeControllerTest]
22:53:41.012 [main] DEBUG org.springframework.test.annotation.ProfileValueUtils - Retrieved ProfileValueSource type [class org.springframework.test.annotation.SystemProfileValueSource] for class [za.co.tangentsolutions.controller.EmployeeControllerTest]
22:53:41.016 [main] DEBUG org.springframework.test.context.support.DependencyInjectionTestExecutionListener - Performing dependency injection for test context [[DefaultTestContext@6069db50 testClass = EmployeeControllerTest, testInstance = za.co.tangentsolutions.controller.EmployeeControllerTest@38d8f54a, testMethod = [null], testException = [null], mergedContextConfiguration = [WebMergedContextConfiguration@4efbca5a testClass = EmployeeControllerTest, locations = '{}', classes = '{class za.co.tangentsolutions.Application, class za.co.tangentsolutions.Application}', contextInitializerClasses = '[]', activeProfiles = '{}', propertySourceLocations = '{}', propertySourceProperties = '{org.springframework.boot.test.context.SpringBootTestContextBootstrapper=true}', contextCustomizers = set[org.springframework.boot.test.context.filter.ExcludeFilterContextCustomizer@77846d2c, org.springframework.boot.test.json.DuplicateJsonObjectContextCustomizerFactory$DuplicateJsonObjectContextCustomizer@2641e737, org.springframework.boot.test.mock.mockito.MockitoContextCustomizer@0, org.springframework.boot.test.web.client.TestRestTemplateContextCustomizer@1f021e6c, org.springframework.boot.test.autoconfigure.properties.PropertyMappingContextCustomizer@0, org.springframework.boot.test.autoconfigure.web.servlet.WebDriverContextCustomizerFactory$Customizer@73d4cc9e], resourceBasePath = 'src/main/webapp', contextLoader = 'org.springframework.boot.test.context.SpringBootContextLoader', parent = [null]], attributes = map['org.springframework.test.context.web.ServletTestExecutionListener.activateListener' -> false]]].
22:53:41.050 [main] DEBUG org.springframework.test.context.support.TestPropertySourceUtils - Adding inlined properties to environment: {spring.jmx.enabled=false, org.springframework.boot.test.context.SpringBootTestContextBootstrapper=true}

  .   ____          _            __ _ _
 /\\ / ___'_ __ _ _(_)_ __  __ _ \ \ \ \
( ( )\___ | '_ | '_| | '_ \/ _` | \ \ \ \
 \\/  ___)| |_)| | | | | || (_| |  ) ) ) )
  '  |____| .__|_| |_|_| |_\__, | / / / /
 =========|_|==============|___/=/_/_/_/
 :: Spring Boot ::        (v2.1.0.RELEASE)

2018-11-25 22:53:41.362  INFO 11671 --- [           main] z.c.t.controller.EmployeeControllerTest  : Starting EmployeeControllerTest on Arcturus.local with PID 11671 (started by lwandile in /Users/lwandile/Projects/EmployeePortal/backend)
2018-11-25 22:53:41.366  INFO 11671 --- [           main] z.c.t.controller.EmployeeControllerTest  : No active profile set, falling back to default profiles: default
2018-11-25 22:53:42.355  INFO 11671 --- [           main] .s.d.r.c.RepositoryConfigurationDelegate : Bootstrapping Spring Data repositories in DEFAULT mode.
2018-11-25 22:53:42.432  INFO 11671 --- [           main] .s.d.r.c.RepositoryConfigurationDelegate : Finished Spring Data repository scanning in 68ms. Found 3 repository interfaces.
2018-11-25 22:53:42.896  INFO 11671 --- [           main] trationDelegate$BeanPostProcessorChecker : Bean 'org.springframework.transaction.annotation.ProxyTransactionManagementConfiguration' of type [org.springframework.transaction.annotation.ProxyTransactionManagementConfiguration$$EnhancerBySpringCGLIB$$52a64628] is not eligible for getting processed by all BeanPostProcessors (for example: not eligible for auto-proxying)
2018-11-25 22:53:43.417  INFO 11671 --- [           main] o.s.b.w.embedded.tomcat.TomcatWebServer  : Tomcat initialized with port(s): 8085 (http)
2018-11-25 22:53:43.451  INFO 11671 --- [           main] o.apache.catalina.core.StandardService   : Starting service [Tomcat]
2018-11-25 22:53:43.451  INFO 11671 --- [           main] org.apache.catalina.core.StandardEngine  : Starting Servlet Engine: Apache Tomcat/9.0.12
2018-11-25 22:53:43.462  INFO 11671 --- [           main] o.a.catalina.core.AprLifecycleListener   : The APR based Apache Tomcat Native library which allows optimal performance in production environments was not found on the java.library.path: [/Users/lwandile/Library/Java/Extensions:/Library/Java/Extensions:/Network/Library/Java/Extensions:/System/Library/Java/Extensions:/usr/lib/java:.]
2018-11-25 22:53:43.562  INFO 11671 --- [           main] o.a.c.c.C.[Tomcat].[localhost].[/]       : Initializing Spring embedded WebApplicationContext
2018-11-25 22:53:43.562  INFO 11671 --- [           main] o.s.web.context.ContextLoader            : Root WebApplicationContext: initialization completed in 1908 ms
2018-11-25 22:53:43.688  INFO 11671 --- [           main] o.s.b.w.servlet.FilterRegistrationBean   : Mapping filter: 'characterEncodingFilter' to: [/*]
2018-11-25 22:53:43.689  INFO 11671 --- [           main] o.s.b.w.servlet.FilterRegistrationBean   : Mapping filter: 'hiddenHttpMethodFilter' to: [/*]
2018-11-25 22:53:43.689  INFO 11671 --- [           main] o.s.b.w.servlet.FilterRegistrationBean   : Mapping filter: 'formContentFilter' to: [/*]
2018-11-25 22:53:43.690  INFO 11671 --- [           main] o.s.b.w.servlet.FilterRegistrationBean   : Mapping filter: 'requestContextFilter' to: [/*]
2018-11-25 22:53:43.691  INFO 11671 --- [           main] .s.DelegatingFilterProxyRegistrationBean : Mapping filter: 'springSecurityFilterChain' to: [/*]
2018-11-25 22:53:43.691  INFO 11671 --- [           main] o.s.b.w.servlet.ServletRegistrationBean  : Servlet dispatcherServlet mapped to [/]
2018-11-25 22:53:43.693  INFO 11671 --- [           main] o.s.b.w.servlet.ServletRegistrationBean  : Servlet webServlet mapped to [/h2-console/*]
2018-11-25 22:53:43.856  INFO 11671 --- [           main] com.zaxxer.hikari.HikariDataSource       : HikariPool-1 - Starting...
2018-11-25 22:53:44.016  INFO 11671 --- [           main] com.zaxxer.hikari.HikariDataSource       : HikariPool-1 - Start completed.
2018-11-25 22:53:44.093  INFO 11671 --- [           main] o.hibernate.jpa.internal.util.LogHelper  : HHH000204: Processing PersistenceUnitInfo [
	name: default
	...]
2018-11-25 22:53:44.170  INFO 11671 --- [           main] org.hibernate.Version                    : HHH000412: Hibernate Core {5.3.7.Final}
2018-11-25 22:53:44.172  INFO 11671 --- [           main] org.hibernate.cfg.Environment            : HHH000206: hibernate.properties not found
2018-11-25 22:53:44.320  INFO 11671 --- [           main] o.hibernate.annotations.common.Version   : HCANN000001: Hibernate Commons Annotations {5.0.4.Final}
2018-11-25 22:53:44.473  INFO 11671 --- [           main] org.hibernate.dialect.Dialect            : HHH000400: Using dialect: org.hibernate.dialect.H2Dialect
2018-11-25 22:53:45.247  INFO 11671 --- [           main] j.LocalContainerEntityManagerFactoryBean : Initialized JPA EntityManagerFactory for persistence unit 'default'
2018-11-25 22:53:46.152  INFO 11671 --- [           main] o.s.s.concurrent.ThreadPoolTaskExecutor  : Initializing ExecutorService 'applicationTaskExecutor'
2018-11-25 22:53:46.214  WARN 11671 --- [           main] aWebConfiguration$JpaWebMvcConfiguration : spring.jpa.open-in-view is enabled by default. Therefore, database queries may be performed during view rendering. Explicitly configure spring.jpa.open-in-view to disable this warning
2018-11-25 22:53:46.346  INFO 11671 --- [           main] o.s.b.a.w.s.WelcomePageHandlerMapping    : Adding welcome page: class path resource [public/index.html]
2018-11-25 22:53:46.577  INFO 11671 --- [           main] .s.s.UserDetailsServiceAutoConfiguration : 

Using generated security password: 4d6e41e5-c0f4-4ef0-93fd-5a4740a9d121

2018-11-25 22:53:46.759  INFO 11671 --- [           main] o.s.s.web.DefaultSecurityFilterChain     : Creating filter chain: any request, [org.springframework.security.web.context.request.async.WebAsyncManagerIntegrationFilter@79d14037, org.springframework.security.web.context.SecurityContextPersistenceFilter@6f4d2294, org.springframework.security.web.header.HeaderWriterFilter@c190cfc, org.springframework.security.web.csrf.CsrfFilter@1d9af731, org.springframework.security.web.authentication.logout.LogoutFilter@e994ca, org.springframework.security.web.authentication.UsernamePasswordAuthenticationFilter@1cdd31a4, org.springframework.security.web.authentication.ui.DefaultLoginPageGeneratingFilter@77204651, org.springframework.security.web.authentication.ui.DefaultLogoutPageGeneratingFilter@6c1e40d9, org.springframework.security.web.authentication.www.BasicAuthenticationFilter@2b8cf049, org.springframework.security.web.savedrequest.RequestCacheAwareFilter@2e0516a3, org.springframework.security.web.servletapi.SecurityContextHolderAwareRequestFilter@70439c3, org.springframework.security.web.authentication.AnonymousAuthenticationFilter@4b50c21, org.springframework.security.web.session.SessionManagementFilter@2fcc5f49, org.springframework.security.web.access.ExceptionTranslationFilter@1efcba00, org.springframework.security.web.access.intercept.FilterSecurityInterceptor@1115be8c]
2018-11-25 22:53:47.177  INFO 11671 --- [           main] o.s.b.w.embedded.tomcat.TomcatWebServer  : Tomcat started on port(s): 8085 (http) with context path ''
2018-11-25 22:53:47.181  INFO 11671 --- [           main] z.c.t.controller.EmployeeControllerTest  : Started EmployeeControllerTest in 6.128 seconds (JVM running for 6.834)
2018-11-25 22:53:48.044  INFO 11671 --- [nio-8085-exec-1] o.a.c.c.C.[Tomcat].[localhost].[/]       : Initializing Spring DispatcherServlet 'dispatcherServlet'
2018-11-25 22:53:48.044  INFO 11671 --- [nio-8085-exec-1] o.s.web.servlet.DispatcherServlet        : Initializing Servlet 'dispatcherServlet'
2018-11-25 22:53:48.072  INFO 11671 --- [nio-8085-exec-1] o.s.web.servlet.DispatcherServlet        : Completed initialization in 27 ms
]]></system-out>
  </testcase>
  <testcase name="whenEmployeeById_thenOK" classname="za.co.tangentsolutions.controller.EmployeeControllerTest" time="0">
    <skipped/>
  </testcase>
</testsuite>