-------------------------------------------------------------------------------
Test set: za.co.tangentsolutions.controller.EmployeeControllerTest
-------------------------------------------------------------------------------
Tests run: 2, Failures: 1, Errors: 0, Skipped: 1, Time elapsed: 7.665 s <<< FAILURE! - in za.co.tangentsolutions.controller.EmployeeControllerTest
whenGetEmployees_thenOK(za.co.tangentsolutions.controller.EmployeeControllerTest)  Time elapsed: 1.076 s  <<< FAILURE!
java.lang.AssertionError: expected:<200> but was:<401>
	at za.co.tangentsolutions.controller.EmployeeControllerTest.whenGetEmployees_thenOK(EmployeeControllerTest.java:31)

